2016-07-03 22:02:17 INFO  MainApp:119 - Loaded Products
2016-07-03 22:02:17 INFO  MainApp:104 - Displaying menu
2016-07-03 22:02:38 INFO  MainApp:39 - Entered menu selection : list products
2016-07-03 22:02:38 INFO  MainApp:77 - listed product's : 
2016-07-03 22:02:38 INFO  MainApp:104 - Displaying menu
2016-07-03 22:03:39 INFO  MainApp:119 - Loaded Products
2016-07-03 22:03:39 INFO  MainApp:104 - Displaying menu
2016-07-03 22:04:14 INFO  MainApp:39 - Entered menu selection : List Products
2016-07-03 22:04:14 INFO  MainApp:77 - listed product's : 
2016-07-03 22:04:14 INFO  MainApp:104 - Displaying menu
2016-07-03 22:05:16 INFO  MainApp:61 - Added product : Code :					1234577
Description :			notebook cover
Price : 				10.0
to list
2016-07-03 22:05:16 INFO  MainApp:104 - Displaying menu
2016-07-03 22:05:28 INFO  MainApp:104 - Displaying menu
2016-07-03 22:05:41 INFO  MainApp:77 - listed product's : 
2016-07-03 22:05:41 INFO  MainApp:104 - Displaying menu
2016-07-03 22:06:02 INFO  MainApp:72 - Deleted product : 1234577from list
2016-07-03 22:06:02 INFO  MainApp:104 - Displaying menu
2016-07-03 22:06:09 INFO  MainApp:104 - Displaying menu
2016-07-03 22:06:18 INFO  MainApp:77 - listed product's : 
2016-07-03 22:06:18 INFO  MainApp:104 - Displaying menu
